{
  "Cucumber Features": {
    "coverage": {
      "/home/codio/workspace/modern_beauty/app/models/authorization.rb": {
        "lines": [
          1,
          1,
          1,
          null,
          1,
          1,
          null,
          null,
          1,
          8,
          null,
          null,
          1,
          14,
          null,
          null
        ]
      },
      "/home/codio/workspace/modern_beauty/app/models/user.rb": {
        "lines": [
          1,
          1,
          null,
          1,
          1,
          null,
          1,
          1,
          1,
          null,
          1,
          1,
          8,
          null,
          null,
          1,
          2,
          null,
          null,
          null,
          1,
          1,
          null,
          null,
          1,
          6,
          null,
          null,
          null
        ]
      },
      "/home/codio/workspace/modern_beauty/app/controllers/welcome_controller.rb": {
        "lines": [
          1,
          1,
          1,
          17,
          null,
          null,
          1,
          1,
          null,
          null
        ]
      },
      "/home/codio/workspace/modern_beauty/app/controllers/application_controller.rb": {
        "lines": [
          1,
          null,
          null,
          1,
          1,
          1,
          null,
          1,
          null,
          null,
          1,
          null,
          15,
          null,
          null,
          null,
          1,
          8,
          null,
          null,
          1,
          14,
          null,
          null
        ]
      },
      "/home/codio/workspace/modern_beauty/app/helpers/application_helper.rb": {
        "lines": [
          1,
          null
        ]
      },
      "/home/codio/workspace/modern_beauty/app/helpers/profiles_helper.rb": {
        "lines": [
          1,
          null
        ]
      },
      "/home/codio/workspace/modern_beauty/app/helpers/reservations_helper.rb": {
        "lines": [
          1,
          null
        ]
      },
      "/home/codio/workspace/modern_beauty/app/helpers/services_helper.rb": {
        "lines": [
          1,
          null
        ]
      },
      "/home/codio/workspace/modern_beauty/app/helpers/sessions_helper.rb": {
        "lines": [
          1,
          null
        ]
      },
      "/home/codio/workspace/modern_beauty/app/helpers/welcome_helper.rb": {
        "lines": [
          1,
          null
        ]
      },
      "/home/codio/workspace/modern_beauty/app/controllers/sessions_controller.rb": {
        "lines": [
          1,
          1,
          null,
          1,
          0,
          0,
          null,
          null,
          1,
          8,
          null,
          8,
          6,
          6,
          6,
          6,
          6,
          2,
          2,
          null,
          2,
          1,
          1,
          1,
          1,
          1,
          1,
          null,
          0,
          null,
          6,
          6,
          6,
          null,
          null,
          null,
          null,
          1,
          0,
          0,
          0,
          0,
          0,
          0,
          0,
          null,
          0,
          null,
          null,
          0,
          null,
          null,
          1,
          null,
          0,
          0,
          0,
          null,
          null,
          null,
          1,
          1,
          1,
          1,
          1,
          1,
          null,
          null,
          1,
          null,
          1,
          0,
          0,
          0,
          0,
          0,
          0,
          null,
          0,
          null,
          null,
          null,
          null,
          1,
          null,
          23,
          23,
          null,
          null
        ]
      },
      "/home/codio/workspace/modern_beauty/app/controllers/services_controller.rb": {
        "lines": [
          1,
          1,
          null,
          1,
          9,
          null,
          null,
          1,
          null,
          null,
          1,
          0,
          null,
          null,
          1,
          null,
          null,
          1,
          0,
          null,
          0,
          0,
          null,
          0,
          null,
          null,
          null,
          null,
          1,
          0,
          0,
          null,
          0,
          null,
          null,
          null,
          1,
          1,
          1,
          1,
          null,
          null,
          null,
          null,
          1,
          1,
          3,
          null,
          null,
          1,
          0,
          null,
          null
        ]
      },
      "/home/codio/workspace/modern_beauty/app/models/service.rb": {
        "lines": [
          1,
          1,
          1,
          null,
          null
        ]
      },
      "/home/codio/workspace/modern_beauty/app/controllers/reservations_controller.rb": {
        "lines": [
          1,
          1,
          null,
          1,
          0,
          null,
          null,
          1,
          null,
          null,
          1,
          1,
          null,
          null,
          1,
          null,
          null,
          1,
          0,
          null,
          0,
          0,
          null,
          0,
          null,
          null,
          null,
          null,
          1,
          0,
          0,
          null,
          0,
          null,
          null,
          null,
          1,
          0,
          0,
          0,
          null,
          null,
          1,
          null,
          1,
          0,
          null,
          null,
          1,
          0,
          null,
          null
        ]
      },
      "/home/codio/workspace/modern_beauty/app/models/reservation.rb": {
        "lines": [
          1,
          1,
          1,
          null,
          null
        ]
      }
    },
    "timestamp": 1622322606
  },
  "RSpec": {
    "coverage": {
      "/home/codio/workspace/modern_beauty/app/helpers/application_helper.rb": {
        "lines": [
          1,
          null
        ]
      },
      "/home/codio/workspace/modern_beauty/app/helpers/profiles_helper.rb": {
        "lines": [
          1,
          null
        ]
      },
      "/home/codio/workspace/modern_beauty/app/helpers/reservations_helper.rb": {
        "lines": [
          1,
          null
        ]
      },
      "/home/codio/workspace/modern_beauty/app/helpers/services_helper.rb": {
        "lines": [
          1,
          null
        ]
      },
      "/home/codio/workspace/modern_beauty/app/helpers/sessions_helper.rb": {
        "lines": [
          1,
          null
        ]
      },
      "/home/codio/workspace/modern_beauty/app/helpers/welcome_helper.rb": {
        "lines": [
          1,
          null
        ]
      },
      "/home/codio/workspace/modern_beauty/app/controllers/reservations_controller.rb": {
        "lines": [
          1,
          1,
          null,
          1,
          2,
          null,
          null,
          1,
          null,
          null,
          1,
          2,
          null,
          null,
          1,
          null,
          null,
          1,
          1,
          null,
          1,
          1,
          null,
          0,
          null,
          null,
          null,
          null,
          1,
          0,
          0,
          null,
          0,
          null,
          null,
          null,
          1,
          4,
          4,
          4,
          null,
          null,
          1,
          null,
          1,
          8,
          null,
          null,
          1,
          1,
          null,
          null
        ]
      },
      "/home/codio/workspace/modern_beauty/app/controllers/application_controller.rb": {
        "lines": [
          1,
          null,
          null,
          1,
          1,
          1,
          null,
          1,
          null,
          null,
          1,
          null,
          26,
          null,
          null,
          null,
          1,
          12,
          null,
          null,
          1,
          26,
          null,
          null
        ]
      },
      "/home/codio/workspace/modern_beauty/app/controllers/services_controller.rb": {
        "lines": [
          1,
          1,
          null,
          1,
          2,
          null,
          null,
          1,
          null,
          null,
          1,
          2,
          null,
          null,
          1,
          null,
          null,
          1,
          1,
          null,
          1,
          1,
          null,
          0,
          null,
          null,
          null,
          null,
          1,
          0,
          0,
          null,
          0,
          null,
          null,
          null,
          1,
          4,
          4,
          4,
          null,
          null,
          null,
          null,
          1,
          1,
          8,
          null,
          null,
          1,
          1,
          null,
          null
        ]
      },
      "/home/codio/workspace/modern_beauty/app/controllers/sessions_controller.rb": {
        "lines": [
          1,
          1,
          null,
          1,
          0,
          0,
          null,
          null,
          1,
          14,
          null,
          14,
          7,
          7,
          7,
          7,
          7,
          7,
          7,
          null,
          7,
          7,
          7,
          7,
          7,
          7,
          null,
          null,
          7,
          null,
          0,
          0,
          0,
          null,
          null,
          null,
          null,
          1,
          0,
          0,
          0,
          0,
          0,
          0,
          0,
          null,
          0,
          null,
          null,
          0,
          null,
          null,
          1,
          null,
          0,
          0,
          0,
          null,
          null,
          null,
          1,
          0,
          0,
          0,
          0,
          0,
          null,
          null,
          1,
          null,
          1,
          0,
          0,
          0,
          0,
          0,
          0,
          null,
          0,
          null,
          null,
          null,
          null,
          1,
          null,
          42,
          42,
          null,
          null
        ]
      },
      "/home/codio/workspace/modern_beauty/app/controllers/welcome_controller.rb": {
        "lines": [
          1,
          1,
          1,
          1,
          null,
          null,
          1,
          0,
          null,
          null
        ]
      },
      "/home/codio/workspace/modern_beauty/app/models/authorization.rb": {
        "lines": [
          1,
          1,
          1,
          null,
          1,
          7,
          null,
          null,
          1,
          14,
          null,
          null,
          1,
          23,
          null,
          null
        ]
      },
      "/home/codio/workspace/modern_beauty/app/models/reservation.rb": {
        "lines": [
          1,
          1,
          1,
          null,
          null
        ]
      },
      "/home/codio/workspace/modern_beauty/app/models/service.rb": {
        "lines": [
          1,
          1,
          1,
          null,
          null
        ]
      },
      "/home/codio/workspace/modern_beauty/app/models/user.rb": {
        "lines": [
          1,
          1,
          null,
          1,
          1,
          null,
          1,
          1,
          1,
          null,
          1,
          1,
          54,
          null,
          null,
          1,
          11,
          null,
          null,
          null,
          1,
          0,
          null,
          null,
          1,
          9,
          null,
          null,
          null
        ]
      }
    },
    "timestamp": 1622322935
  }
}
